<?xml version="1.0" encoding="UTF-8"?>
<!-- Generated by org.testng.reporters.JUnitReportReporter -->
<testsuite hostname="RJ-yuchao" name="org.demo.testng.dataprovider.DemoDataProvider" tests="1" failures="0" timestamp="11 Aug 2015 09:30:25 GMT" time="0.042" errors="0">
  <testcase name="testConnection" time="0.042" classname="org.demo.testng.dataprovider.DemoDataProvider"/>
</testsuite> <!-- org.demo.testng.dataprovider.DemoDataProvider -->
