<?xml version="1.0" encoding="UTF-8"?>
<!-- Generated by org.testng.reporters.JUnitReportReporter -->
<testsuite hostname="RJ-yuchao" name="org.demo.testng.dataprovider.TestParameterDataProviderITestContext" tests="1" failures="0" timestamp="11 Aug 2015 09:52:01 GMT" time="0.010" errors="0">
  <testcase name="test1" time="0.010" classname="org.demo.testng.dataprovider.TestParameterDataProviderITestContext"/>
</testsuite> <!-- org.demo.testng.dataprovider.TestParameterDataProviderITestContext -->
