<?xml version="1.0" encoding="UTF-8"?>
<!-- Generated by org.testng.reporters.JUnitReportReporter -->
<testsuite hostname="RJ-yuchao" name="org.demo.testng.dataprovider.TestParameterDataProvider" tests="3" failures="0" timestamp="11 Aug 2015 09:25:42 GMT" time="0.049" errors="0">
  <testcase name="test" time="0.002" classname="org.demo.testng.dataprovider.TestParameterDataProvider"/>
  <testcase name="test" time="0.046" classname="org.demo.testng.dataprovider.TestParameterDataProvider"/>
  <testcase name="test" time="0.001" classname="org.demo.testng.dataprovider.TestParameterDataProvider"/>
</testsuite> <!-- org.demo.testng.dataprovider.TestParameterDataProvider -->
