<?xml version="1.0" encoding="UTF-8"?>
<!-- Generated by org.testng.reporters.JUnitReportReporter -->
<testsuite hostname="RJ-yuchao" name="org.demo.testng.dataprovider.TestParameterDataProviderMethod" tests="4" failures="0" timestamp="11 Aug 2015 09:42:41 GMT" time="0.009" errors="0">
  <testcase name="test2" time="0.000" classname="org.demo.testng.dataprovider.TestParameterDataProviderMethod"/>
  <testcase name="test1" time="0.009" classname="org.demo.testng.dataprovider.TestParameterDataProviderMethod"/>
  <testcase name="test1" time="0.000" classname="org.demo.testng.dataprovider.TestParameterDataProviderMethod"/>
  <testcase name="test2" time="0.000" classname="org.demo.testng.dataprovider.TestParameterDataProviderMethod"/>
</testsuite> <!-- org.demo.testng.dataprovider.TestParameterDataProviderMethod -->
